Build started 2012-07-03 22:09:47.
     1>Project "D:\Kim\Skola\BTH - Civspel\2VT - DV1416 3D-Programmering II\Lab 2\3DProject\3DProject\3DProject.vcxproj" on node 2 (build target(s)).
     1>InitializeBuildStatus:
         Creating "Debug\3DProject.unsuccessfulbuild" because "AlwaysCreate" was specified.
       ClCompile:
         C:\Program Files (x86)\Microsoft Visual Studio 10.0\VC\bin\CL.exe /c /I"C:\Program Files (x86)\Microsoft DirectX SDK (June 2010)\Include" /I"C:\Program Files (x86)\Microsoft DirectX SDK (June 2010)\Lib\x86" /ZI /nologo /W3 /WX- /Od /Oy- /D WIN32 /D _DEBUG /D _WINDOWS /D _MBCS /Gm /EHsc /RTC1 /MDd /GS /fp:precise /Zc:wchar_t /Zc:forScope /Fo"Debug\\" /Fd"Debug\vc100.pdb" /Gd /TP /analyze- /errorReport:prompt Floor.cpp Game.cpp Scene.cpp main.cpp
         Scene.cpp
     1>d:\kim\skola\bth - civspel\2vt - dv1416 3d-programmering ii\lab 2\3dproject\3dproject\scene.cpp(23): warning C4244: '=' : conversion from 'const float' to 'UINT', possible loss of data
     1>d:\kim\skola\bth - civspel\2vt - dv1416 3d-programmering ii\lab 2\3dproject\3dproject\scene.cpp(24): warning C4244: '=' : conversion from 'const float' to 'UINT', possible loss of data
     1>d:\kim\skola\bth - civspel\2vt - dv1416 3d-programmering ii\lab 2\3dproject\3dproject\scene.cpp(88): warning C4244: '=' : conversion from 'const float' to 'UINT', possible loss of data
     1>d:\kim\skola\bth - civspel\2vt - dv1416 3d-programmering ii\lab 2\3dproject\3dproject\scene.cpp(89): warning C4244: '=' : conversion from 'const float' to 'UINT', possible loss of data
         Floor.cpp
         Generating Code...
         Skipping... (no relevant changes detected)
         main.cpp
         Game.cpp
       ManifestResourceCompile:
         All outputs are up-to-date.
       Link:
         C:\Program Files (x86)\Microsoft Visual Studio 10.0\VC\bin\link.exe /ERRORREPORT:PROMPT /OUT:"D:\Kim\Skola\BTH - Civspel\2VT - DV1416 3D-Programmering II\Lab 2\3DProject\Debug\3DProject.exe" /INCREMENTAL /NOLOGO kernel32.lib user32.lib gdi32.lib winspool.lib comdlg32.lib advapi32.lib shell32.lib ole32.lib oleaut32.lib uuid.lib odbc32.lib odbccp32.lib /MANIFEST /ManifestFile:"Debug\3DProject.exe.intermediate.manifest" /MANIFESTUAC:"level='asInvoker' uiAccess='false'" /DEBUG /PDB:"D:\Kim\Skola\BTH - Civspel\2VT - DV1416 3D-Programmering II\Lab 2\3DProject\Debug\3DProject.pdb" /SUBSYSTEM:WINDOWS /TLBID:1 /DYNAMICBASE /NXCOMPAT /IMPLIB:"D:\Kim\Skola\BTH - Civspel\2VT - DV1416 3D-Programmering II\Lab 2\3DProject\Debug\3DProject.lib" /MACHINE:X86 Debug\3DProject.exe.embed.manifest.res
         Debug\Floor.obj
         Debug\Object3D.obj
         Debug\Buffer.obj
         Debug\Camera.obj
         Debug\D3DApplication.obj
         Debug\Game.obj
         Debug\GameFont.obj
         Debug\GameTime.obj
         Debug\main.obj
         Debug\Scene.obj
         Debug\ScreenSquare.obj
       Manifest:
         C:\Program Files (x86)\Microsoft SDKs\Windows\v7.0A\bin\mt.exe /nologo /verbose /out:"Debug\3DProject.exe.embed.manifest" /manifest Debug\3DProject.exe.intermediate.manifest
         All outputs are up-to-date.
       LinkEmbedManifest:
         All outputs are up-to-date.
         3DProject.vcxproj -> D:\Kim\Skola\BTH - Civspel\2VT - DV1416 3D-Programmering II\Lab 2\3DProject\Debug\3DProject.exe
       FinalizeBuildStatus:
         Deleting file "Debug\3DProject.unsuccessfulbuild".
         Touching "Debug\3DProject.lastbuildstate".
     1>Done Building Project "D:\Kim\Skola\BTH - Civspel\2VT - DV1416 3D-Programmering II\Lab 2\3DProject\3DProject\3DProject.vcxproj" (build target(s)).

Build succeeded.

Time Elapsed 00:00:02.73
